# JRE version: Java(TM) SE Runtime Environment (17.0.8+9) (build 17.0.8+9-LTS-211)
# Java VM: Java HotSpot(TM) 64-Bit Server VM (17.0.8+9-LTS-211, mixed mode, sharing, tiered, compressed oops, compressed class ptrs, g1 gc, windows-amd64)
GC Precious Log:
 CPUs: 2 total, 2 available
 Memory: 8140M
 Large Page Support: Disabled
 NUMA Support: Disabled
 Compressed Oops: Enabled (32-bit)
 Heap Region Size: 1M
 Heap Min Capacity: 8M
 Heap Initial Capacity: 128M
 Heap Max Capacity: 2036M
 Pre-touch: Disabled
 Parallel Workers: 2
 Concurrent Workers: 1
 Concurrent Refinement Workers: 2
 Periodic GC: Disabled
Heap:
 garbage-first heap   total 149504K, used 90189K [0x0000000080c00000, 0x0000000100000000)
  region size 1024K, 46 young (47104K), 8 survivors (8192K)
 Metaspace       used 67399K, committed 67968K, reserved 1114112K
  class space    used 8996K, committed 9280K, reserved 1048576K
GC Heap History (20 events):
Event: 6.194 GC heap before
{Heap before GC invocations=10 (full 0):
 garbage-first heap   total 51200K, used 20979K [0x0000000080c00000, 0x0000000100000000)
  region size 1024K, 4 young (4096K), 1 survivors (1024K)
 Metaspace       used 35539K, committed 35968K, reserved 1114112K
  class space    used 4632K, committed 4864K, reserved 1048576K
}
Event: 6.198 GC heap after
{Heap after GC invocations=11 (full 0):
 garbage-first heap   total 88064K, used 19454K [0x0000000080c00000, 0x0000000100000000)
  region size 1024K, 2 young (2048K), 2 survivors (2048K)
 Metaspace       used 35539K, committed 35968K, reserved 1114112K
  class space    used 4632K, committed 4864K, reserved 1048576K
}
Event: 7.923 GC heap before
{Heap before GC invocations=12 (full 0):
 garbage-first heap   total 68608K, used 58366K [0x0000000080c00000, 0x0000000100000000)
  region size 1024K, 42 young (43008K), 2 survivors (2048K)
 Metaspace       used 50384K, committed 50816K, reserved 1114112K
  class space    used 6606K, committed 6784K, reserved 1048576K
}
Event: 7.937 GC heap after
{Heap after GC invocations=13 (full 0):
 garbage-first heap   total 68608K, used 22553K [0x0000000080c00000, 0x0000000100000000)
  region size 1024K, 5 young (5120K), 5 survivors (5120K)
 Metaspace       used 50384K, committed 50816K, reserved 1114112K
  class space    used 6606K, committed 6784K, reserved 1048576K
}
Event: 8.800 GC heap before
{Heap before GC invocations=13 (full 0):
 garbage-first heap   total 68608K, used 52249K [0x0000000080c00000, 0x0000000100000000)
  region size 1024K, 34 young (34816K), 5 survivors (5120K)
 Metaspace       used 57314K, committed 57792K, reserved 1114112K
  class space    used 7636K, committed 7872K, reserved 1048576K
}
Event: 8.812 GC heap after
{Heap after GC invocations=14 (full 0):
 garbage-first heap   total 68608K, used 24858K [0x0000000080c00000, 0x0000000100000000)
  region size 1024K, 3 young (3072K), 3 survivors (3072K)
 Metaspace       used 57314K, committed 57792K, reserved 1114112K
  class space    used 7636K, committed 7872K, reserved 1048576K
}
Event: 9.429 GC heap before
{Heap before GC invocations=14 (full 0):
 garbage-first heap   total 68608K, used 49434K [0x0000000080c00000, 0x0000000100000000)
  region size 1024K, 28 young (28672K), 3 survivors (3072K)
 Metaspace       used 59609K, committed 60096K, reserved 1114112K
  class space    used 7967K, committed 8192K, reserved 1048576K
}
Event: 9.437 GC heap after
{Heap after GC invocations=15 (full 0):
 garbage-first heap   total 68608K, used 25979K [0x0000000080c00000, 0x0000000100000000)
  region size 1024K, 4 young (4096K), 4 survivors (4096K)
 Metaspace       used 59609K, committed 60096K, reserved 1114112K
  class space    used 7967K, committed 8192K, reserved 1048576K
}
Event: 10.244 GC heap before
{Heap before GC invocations=16 (full 0):
 garbage-first heap   total 68608K, used 54651K [0x0000000080c00000, 0x0000000100000000)
  region size 1024K, 31 young (31744K), 4 survivors (4096K)
 Metaspace       used 61747K, committed 62272K, reserved 1114112K
  class space    used 8265K, committed 8512K, reserved 1048576K
}
Event: 10.257 GC heap after
{Heap after GC invocations=17 (full 0):
 garbage-first heap   total 68608K, used 30131K [0x0000000080c00000, 0x0000000100000000)
  region size 1024K, 4 young (4096K), 4 survivors (4096K)
 Metaspace       used 61747K, committed 62272K, reserved 1114112K
  class space    used 8265K, committed 8512K, reserved 1048576K
}
Event: 10.524 GC heap before
{Heap before GC invocations=17 (full 0):
 garbage-first heap   total 68608K, used 52659K [0x0000000080c00000, 0x0000000100000000)
  region size 1024K, 27 young (27648K), 4 survivors (4096K)
 Metaspace       used 61870K, committed 62400K, reserved 1114112K
  class space    used 8273K, committed 8512K, reserved 1048576K
}
Event: 10.539 GC heap after
{Heap after GC invocations=18 (full 0):
 garbage-first heap   total 68608K, used 36437K [0x0000000080c00000, 0x0000000100000000)
  region size 1024K, 4 young (4096K), 4 survivors (4096K)
 Metaspace       used 61870K, committed 62400K, reserved 1114112K
  class space    used 8273K, committed 8512K, reserved 1048576K
}
Event: 10.618 GC heap before
{Heap before GC invocations=18 (full 0):
 garbage-first heap   total 68608K, used 38485K [0x0000000080c00000, 0x0000000100000000)
  region size 1024K, 7 young (7168K), 4 survivors (4096K)
 Metaspace       used 61911K, committed 62400K, reserved 1114112K
  class space    used 8278K, committed 8512K, reserved 1048576K
}
Event: 10.624 GC heap after
{Heap after GC invocations=19 (full 0):
 garbage-first heap   total 68608K, used 37742K [0x0000000080c00000, 0x0000000100000000)
  region size 1024K, 1 young (1024K), 1 survivors (1024K)
 Metaspace       used 61911K, committed 62400K, reserved 1114112K
  class space    used 8278K, committed 8512K, reserved 1048576K
}
Event: 10.870 GC heap before
{Heap before GC invocations=20 (full 0):
 garbage-first heap   total 87040K, used 52078K [0x0000000080c00000, 0x0000000100000000)
  region size 1024K, 16 young (16384K), 1 survivors (1024K)
 Metaspace       used 61945K, committed 62464K, reserved 1114112K
  class space    used 8278K, committed 8512K, reserved 1048576K
}
Event: 10.877 GC heap after
{Heap after GC invocations=21 (full 0):
 garbage-first heap   total 87040K, used 40353K [0x0000000080c00000, 0x0000000100000000)
  region size 1024K, 2 young (2048K), 2 survivors (2048K)
 Metaspace       used 61945K, committed 62464K, reserved 1114112K
  class space    used 8278K, committed 8512K, reserved 1048576K
}
Event: 11.142 GC heap before
{Heap before GC invocations=21 (full 0):
 garbage-first heap   total 87040K, used 58785K [0x0000000080c00000, 0x0000000100000000)
  region size 1024K, 22 young (22528K), 2 survivors (2048K)
 Metaspace       used 61986K, committed 62528K, reserved 1114112K
  class space    used 8278K, committed 8512K, reserved 1048576K
}
Event: 11.152 GC heap after
{Heap after GC invocations=22 (full 0):
 garbage-first heap   total 149504K, used 46123K [0x0000000080c00000, 0x0000000100000000)
  region size 1024K, 4 young (4096K), 4 survivors (4096K)
 Metaspace       used 61986K, committed 62528K, reserved 1114112K
  class space    used 8278K, committed 8512K, reserved 1048576K
}
Event: 11.684 GC heap before
{Heap before GC invocations=22 (full 0):
 garbage-first heap   total 149504K, used 104491K [0x0000000080c00000, 0x0000000100000000)
  region size 1024K, 59 young (60416K), 4 survivors (4096K)
 Metaspace       used 62121K, committed 62592K, reserved 1114112K
  class space    used 8285K, committed 8512K, reserved 1048576K
}
Event: 11.698 GC heap after
{Heap after GC invocations=23 (full 0):
 garbage-first heap   total 149504K, used 53325K [0x0000000080c00000, 0x0000000100000000)
  region size 1024K, 8 young (8192K), 8 survivors (8192K)
 Metaspace       used 62121K, committed 62592K, reserved 1114112K
  class space    used 8285K, committed 8512K, reserved 1048576K
}

